<?xml version="1.0" encoding="UTF-8"?>
<!-- Generated by org.testng.reporters.JUnitReportReporter -->
<testsuite skipped="0" hostname="kushal-PC" name="singletonPatternTest.PageTest" tests="1" failures="0" timestamp="13 Dec 2021 07:19:06 GMT" time="7.725" errors="0">
  <testcase name="testMethod1" time="7.725" classname="singletonPatternTest.PageTest"/>
</testsuite> <!-- singletonPatternTest.PageTest -->
